<?xml version="1.0" encoding="UTF-8"?>
<!-- Generated by org.testng.reporters.JUnitXMLReporter -->
<testsuite hostname="CANL-1LS0KC2" ignored="0" name="Test-method test" tests="1" failures="0" timestamp="24 Apr 2017 00:28:16 GMT" time="11.039" errors="0">
  <testcase name="DoTest" time="8.746" classname="com.cgi.code.testng.ExcelTestData"/>
</testsuite> <!-- Test-method test -->
