<?xml version="1.0" encoding="UTF-8"?>
<!-- Generated by org.testng.reporters.JUnitXMLReporter -->
<testsuite hostname="CANL-1LS0KC2" ignored="0" name="Test-method test" tests="1" failures="1" timestamp="23 Apr 2017 20:01:40 GMT" time="15.466" errors="0">
  <testcase name="DoTest" time="13.267" classname="com.cgi.code.testng.ExcelTestData">
    <failure type="java.lang.AssertionError" message="expected not same">
      <![CDATA[java.lang.AssertionError: expected not same
	at com.cgi.code.testng.ExcelTestData.DoStep(ExcelTestData.java:324)
	at com.cgi.code.testng.ExcelTestData.DoTest(ExcelTestData.java:141)
	at java.util.concurrent.ThreadPoolExecutor.runWorker(Unknown Source)
	at java.util.concurrent.ThreadPoolExecutor$Worker.run(Unknown Source)
	at java.lang.Thread.run(Unknown Source)
... Removed 14 stack frames]]>
    </failure>
  </testcase> <!-- DoTest -->
</testsuite> <!-- Test-method test -->
