<?xml version="1.0" encoding="UTF-8"?>
<!-- Generated by org.testng.reporters.JUnitReportReporter -->
<testsuite skipped="0" hostname="CANL-1LS0KC2" name="com.cgi.code.testng.CallActionKeywords" tests="1" failures="0" timestamp="07 Jun 2017 17:29:14 GMT" time="39.556" errors="0">
  <testcase name="DoTest" time="39.556" classname="com.cgi.code.testng.CallActionKeywords"/>
</testsuite> <!-- com.cgi.code.testng.CallActionKeywords -->
