<?xml version="1.0" encoding="UTF-8"?>
<!-- Generated by org.testng.reporters.JUnitReportReporter -->
<testsuite skipped="0" hostname="CANL-1LS0KC2" name="com.cgi.code.testng.ExcelTestData" tests="1" failures="0" timestamp="25 Apr 2017 17:49:59 GMT" time="14.382" errors="0">
  <testcase name="DoTest" time="14.382" classname="com.cgi.code.testng.ExcelTestData"/>
</testsuite> <!-- com.cgi.code.testng.ExcelTestData -->
