<?xml version="1.0" encoding="UTF-8"?>
<!-- Generated by org.testng.reporters.JUnitReportReporter -->
<testsuite skipped="0" hostname="CANL-1LS0KC2" name="com.cgi.code.testng.ExcelTestData" tests="1" failures="0" timestamp="24 Apr 2017 00:31:57 GMT" time="8.838" errors="0">
  <testcase name="DoTest" time="8.838" classname="com.cgi.code.testng.ExcelTestData"/>
</testsuite> <!-- com.cgi.code.testng.ExcelTestData -->
