<?xml version="1.0" encoding="UTF-8"?>
<!-- Generated by org.testng.reporters.JUnitReportReporter -->
<testsuite skipped="0" hostname="CANL-1LS0KC2" name="com.cgi.code.testng.CallActionKeywords" tests="2" failures="0" timestamp="31 May 2017 15:51:02 GMT" time="45.535" errors="0">
  <testcase name="DoTest" time="24.179" classname="com.cgi.code.testng.CallActionKeywords"/>
  <testcase name="DoTest" time="21.356" classname="com.cgi.code.testng.CallActionKeywords"/>
</testsuite> <!-- com.cgi.code.testng.CallActionKeywords -->
